2022-04-06 10:21:52 500 GET /api/user/kakao?code=aD-tEp4lV7gCpcxXhRWvVe2YrrI-BmbLm699K109TYLQSJz_T85rurnxkywMV1WqBbOfzAopcJ4AAAF__HYx8A HTTP/1.1 Mozilla/5.0 (Macintosh; Intel Mac OS X 10_15_7) AppleWebKit/537.36 (KHTML, like Gecko) Chrome/99.0.4844.83 Safari/537.36 - 0:0:0:0:0:0:0:1 104 34129
2022-04-06 10:25:27 500 GET /api/user/kakao?code=M68oKNX1EVIWtrK9_C9MrSx3PS1KY5IryL3cC11VjUCbQEhP9-bU6z8bZh0Mbp0aV_5VxQo9dGgAAAF__HmIUQ HTTP/1.1 Mozilla/5.0 (Macintosh; Intel Mac OS X 10_15_7) AppleWebKit/537.36 (KHTML, like Gecko) Chrome/99.0.4844.83 Safari/537.36 - 0:0:0:0:0:0:0:1 104 30168
2022-04-06 10:28:01 500 GET /api/user/kakao?code=M_Pqwa2Z-gRxGsF3vW95KAzqDry1wBeJdYjG4v77jGCMaCIM7XRqm9D7ux5YjNmsa9frIgo9dRkAAAF__HwuPg HTTP/1.1 Mozilla/5.0 (Macintosh; Intel Mac OS X 10_15_7) AppleWebKit/537.36 (KHTML, like Gecko) Chrome/99.0.4844.83 Safari/537.36 - 0:0:0:0:0:0:0:1 104 9974
2022-04-06 10:28:14 500 GET /api/user/kakao?code=eN5jAlkNw_kIk1Tu_U42oJeRd9hQG0oqas41ehyQ0jyg50HEhLSHdlt2vtrP-mGlLPgHoAo9dRkAAAF__HyKiQ HTTP/1.1 Mozilla/5.0 (Macintosh; Intel Mac OS X 10_15_7) AppleWebKit/537.36 (KHTML, like Gecko) Chrome/99.0.4844.83 Safari/537.36 - 0:0:0:0:0:0:0:1 104 141
2022-04-06 10:28:37 500 GET /api/user/kakao?code=PGMy_cVXFSuLkdZqiuzXgVNpKVmxOmiVEJvpxlCPEmNYtvMqeFsnG5EfKfYEJ0NLYCaEeQo9dRkAAAF__Hzh1g HTTP/1.1 Mozilla/5.0 (Macintosh; Intel Mac OS X 10_15_7) AppleWebKit/537.36 (KHTML, like Gecko) Chrome/99.0.4844.83 Safari/537.36 - 0:0:0:0:0:0:0:1 104 600
2022-04-06 10:29:45 500 GET /api/user/kakao?code=JZZCTG5avF6b9KCWXOebtFuoVttl_7bjoM78PQ5SQ5cXtl-F3dys9_gq9Or6BkyrZDrgiwo9dRkAAAF__H0qxw HTTP/1.1 Mozilla/5.0 (Macintosh; Intel Mac OS X 10_15_7) AppleWebKit/537.36 (KHTML, like Gecko) Chrome/99.0.4844.83 Safari/537.36 - 0:0:0:0:0:0:0:1 104 49385
2022-04-06 10:32:51 500 GET /api/user/kakao?code=umzgwieSFGp1o1_uuCLUgcKJHzV7p5Yul4kivYNHokNgZAljg-AqpP6r-D-JRYLO3Mj6Qgo9dJcAAAF__H4xKQ HTTP/1.1 Mozilla/5.0 (Macintosh; Intel Mac OS X 10_15_7) AppleWebKit/537.36 (KHTML, like Gecko) Chrome/99.0.4844.83 Safari/537.36 - 0:0:0:0:0:0:0:1 104 168382
2022-04-06 10:34:48 500 GET /api/user/kakao?code=vPbm4NQjCox3SjKdeWz56fzL6-fOXpWxyuo-6QdTXDBu_g5CqpWvKlQtDChczX9LLRuwzAo9cpcAAAF__IDbnQ HTTP/1.1 Mozilla/5.0 (Macintosh; Intel Mac OS X 10_15_7) AppleWebKit/537.36 (KHTML, like Gecko) Chrome/99.0.4844.83 Safari/537.36 - 0:0:0:0:0:0:0:1 104 109930
2022-04-06 11:02:43 500 GET /api/user/kakao?code=5hOF3SWzmbO9qdQFi3v_LIEQxEU1wtHyXguMq79tYLGxDZJf3AMJa5cxsPOe5vWPASIjhwopb1UAAAF__IK_PA HTTP/1.1 Mozilla/5.0 (Macintosh; Intel Mac OS X 10_15_7) AppleWebKit/537.36 (KHTML, like Gecko) Chrome/99.0.4844.83 Safari/537.36 - 0:0:0:0:0:0:0:1 104 1662275
2022-04-06 11:10:21 200 GET /api/user/kakao?code=EKR_7TXSsPMy73dhL3ALN4TCHQveOHnBpJTK2I_XuTpiyGqk76OP3z89z9hx0HVc3kN1rworDNIAAAF__KHEHQ HTTP/1.1 Mozilla/5.0 (Macintosh; Intel Mac OS X 10_15_7) AppleWebKit/537.36 (KHTML, like Gecko) Chrome/99.0.4844.83 Safari/537.36 - 0:0:0:0:0:0:0:1 - 79355
2022-04-06 11:10:21 200 GET /api/user/kakao?code=CfzeG6dH_QUfw9SAitm8toa6e2iw05UVRfBHuLbhfDblEYvrzqLnQF58aIoVDkNJtWuhtworDNIAAAF__KG96Q HTTP/1.1 Mozilla/5.0 (Macintosh; Intel Mac OS X 10_15_7) AppleWebKit/537.36 (KHTML, like Gecko) Chrome/99.0.4844.83 Safari/537.36 - 0:0:0:0:0:0:0:1 - 79355
2022-04-06 11:10:21 200 GET /api/user/kakao?code=uK9w7Q5cJ79RUXYk5aq_GZytoQgq6CLZsaFcY1sSwWh-NpHaqr9NsBsk62BX8THe4XMNIworDNIAAAF__KGWWQ HTTP/1.1 Mozilla/5.0 (Macintosh; Intel Mac OS X 10_15_7) AppleWebKit/537.36 (KHTML, like Gecko) Chrome/99.0.4844.83 Safari/537.36 - 0:0:0:0:0:0:0:1 - 99303
2022-04-06 13:54:58 500 GET /api/user/kakao?code=r6xQdQL4Au5-dBWE6pvhNaqtQo-A4HZ0Zu-uYfSmu2JXCQ1nAEvuGi20U_YECz95oJsZGgo9dRsAAAF__Tj1TQ HTTP/1.1 Mozilla/5.0 (Macintosh; Intel Mac OS X 10_15_7) AppleWebKit/537.36 (KHTML, like Gecko) Chrome/99.0.4844.83 Safari/537.36 - 0:0:0:0:0:0:0:1 246 35379
2022-04-06 13:54:58 500 GET /api/user/kakao?code=E1ZbIr8ve3ooYz9evkmfdUFgZJ3BLu1FWy5SzS2c3G-zkBdsgM6RgHgRa01LkKIFfoxObQo9dRsAAAF__Tj0Mw HTTP/1.1 Mozilla/5.0 (Macintosh; Intel Mac OS X 10_15_7) AppleWebKit/537.36 (KHTML, like Gecko) Chrome/99.0.4844.83 Safari/537.36 - 0:0:0:0:0:0:0:1 246 55672
2022-04-06 13:57:21 500 GET /api/user/kakao?code=Yt3fSa3jvoIL55g0Nshn3pEWOXgnmtwXcugMBhfhxtfm1KW0LmxMaFGoSlY_6huyWKISxwo9c00AAAF__TvwcA HTTP/1.1 Mozilla/5.0 (Macintosh; Intel Mac OS X 10_15_7) AppleWebKit/537.36 (KHTML, like Gecko) Chrome/99.0.4844.83 Safari/537.36 - 0:0:0:0:0:0:0:1 246 4995
2022-04-06 13:58:58 500 GET /api/user/kakao?code=mp1u8yZ-NIvnTwTupIH5d-HzvQ9n_HGXXeUh2iPQk2ie8qNShXWS94ggECuibytTxdszdQopcSEAAAF__T18gw HTTP/1.1 Mozilla/5.0 (Macintosh; Intel Mac OS X 10_15_7) AppleWebKit/537.36 (KHTML, like Gecko) Chrome/99.0.4844.83 Safari/537.36 - 0:0:0:0:0:0:0:1 246 675
2022-04-06 13:59:00 500 GET /api/user/kakao?code=Lz2lt2epicElNhhRxP5wPtkHVjOeADkPQz_dr4Zv5MXTlBzc14SBY5IfOe2PikRy025KLAopcSEAAAF__T2I2w HTTP/1.1 Mozilla/5.0 (Macintosh; Intel Mac OS X 10_15_7) AppleWebKit/537.36 (KHTML, like Gecko) Chrome/99.0.4844.83 Safari/537.36 - 0:0:0:0:0:0:0:1 246 107
2022-04-06 13:59:01 500 GET /api/user/kakao?code=jzJTdk9u3tadfbos2fBkRm7OClNb7nDd_YJnLUsa38glIgIcbA66MpZ69QZvYwpKOpkfWwopcSEAAAF__T2MWA HTTP/1.1 Mozilla/5.0 (Macintosh; Intel Mac OS X 10_15_7) AppleWebKit/537.36 (KHTML, like Gecko) Chrome/99.0.4844.83 Safari/537.36 - 0:0:0:0:0:0:0:1 246 96
2022-04-06 13:59:24 500 GET /api/user/kakao?code=2Q_CmaS1DfI1HE_T1IZuiwdCAxxB8BauO6-lG5926KL9yufSHYl2vPHA8xEFrIt9AZDI3gopcSEAAAF__T2vQg HTTP/1.1 Mozilla/5.0 (Macintosh; Intel Mac OS X 10_15_7) AppleWebKit/537.36 (KHTML, like Gecko) Chrome/99.0.4844.83 Safari/537.36 - 0:0:0:0:0:0:0:1 246 14373
2022-04-06 14:02:37 200 GET /api/user/kakao?code=enbMo8bVBmursw0Q-eMw6B6XFHy0b0rJ8Q54_ajQSNdR-HBKqOT5Kd4sj2flYp4bPBxeCworDKgAAAF__UCQ9g HTTP/1.1 Mozilla/5.0 (Macintosh; Intel Mac OS X 10_15_7) AppleWebKit/537.36 (KHTML, like Gecko) Chrome/99.0.4844.83 Safari/537.36 - 0:0:0:0:0:0:0:1 407 18443
2022-04-06 14:21:23 200 GET /api/user/kakao?code=_iJYkmlezmLUQpcyV0hm-Sd9zqo3_yDPWt-oKaVo-xU8IZLWKKikzG15X7NsLeGGYAHOKgorDR4AAAF__VIF-Q HTTP/1.1 Mozilla/5.0 (Macintosh; Intel Mac OS X 10_15_7) AppleWebKit/537.36 (KHTML, like Gecko) Chrome/99.0.4844.83 Safari/537.36 - 0:0:0:0:0:0:0:1 407 235
2022-04-06 14:21:23 200 GET /api/user/kakao?code=41P_c8KElJ0KKAHyTKJVaM1RMsCpvWmGdpV4Ox6IIM1JnTtTDkfbm3t5chZb8G3B4g8yVQorDR4AAAF__VIEQA HTTP/1.1 Mozilla/5.0 (Macintosh; Intel Mac OS X 10_15_7) AppleWebKit/537.36 (KHTML, like Gecko) Chrome/99.0.4844.83 Safari/537.36 - 0:0:0:0:0:0:0:1 407 652
